<?xml version="1.0" encoding="UTF-8"?>
<!-- Generated by org.testng.reporters.JUnitReportReporter -->
<testsuite hostname="DESKTOP-D6HS9U5" failures="0" tests="1" name="com.naveenautomationlabs.AutomationFramework.YourStoreTest" time="9.696" errors="0" timestamp="2023-06-17T11:41:18 EDT" skipped="0">
  <testcase classname="com.naveenautomationlabs.AutomationFramework.YourStoreTest" name="validateLoginUsingValidCredentials" time="9.696"/>
  <system-out/>
</testsuite> <!-- com.naveenautomationlabs.AutomationFramework.YourStoreTest -->
