<?xml version="1.0" encoding="UTF-8"?>
<!-- Generated by org.testng.reporters.JUnitReportReporter -->
<testsuite hostname="DESKTOP-D6HS9U5" failures="0" tests="1" name="com.naveenautomationlabs.AutomationFramework.AccountLoginTest" time="10.663" errors="0" timestamp="2023-06-19T16:12:09 EDT" skipped="0">
  <testcase classname="com.naveenautomationlabs.AutomationFramework.AccountLoginTest" name="validateLoginUsingValidCredentials" time="10.663"/>
  <system-out/>
</testsuite> <!-- com.naveenautomationlabs.AutomationFramework.AccountLoginTest -->
