<?xml version="1.0" encoding="UTF-8"?>
<!-- Generated by org.testng.reporters.JUnitReportReporter -->
<testsuite hostname="DESKTOP-D6HS9U5" failures="0" tests="1" name="com.demo.nopcommerce.AutomationFramework.NopCommerceDemoStoreCheckoutPage7Test" time="5.922" errors="0" timestamp="2023-06-22T16:37:42 EDT" skipped="0">
  <testcase classname="com.demo.nopcommerce.AutomationFramework.NopCommerceDemoStoreCheckoutPage7Test" name="validateRegistration" time="5.922"/>
  <system-out/>
</testsuite> <!-- com.demo.nopcommerce.AutomationFramework.NopCommerceDemoStoreCheckoutPage7Test -->
