<?xml version="1.0" encoding="UTF-8"?>
<!-- Generated by org.testng.reporters.JUnitReportReporter -->
<testsuite hostname="DESKTOP-D6HS9U5" failures="0" tests="1" name="com.naveenautomationlabs.AutomationFramework.AppTest" time="5.651" errors="0" timestamp="2023-06-15T19:19:21 EDT" skipped="0">
  <testcase classname="com.naveenautomationlabs.AutomationFramework.AppTest" name="test1" time="5.651"/>
  <system-out/>
</testsuite> <!-- com.naveenautomationlabs.AutomationFramework.AppTest -->
