<?xml version="1.0" encoding="UTF-8"?>
<!-- Generated by org.testng.reporters.JUnitReportReporter -->
<testsuite hostname="DESKTOP-D6HS9U5" failures="0" tests="5" name="com.demo.nopcommerce.AutomationFramework.Tests.CheckoutPage7Test" time="53.539" errors="0" timestamp="2023-07-16T09:48:52 EDT" skipped="0">
  <testcase classname="com.demo.nopcommerce.AutomationFramework.Tests.CheckoutPage7Test" name="validateLogin" time="8.577"/>
  <system-out/>
  <testcase classname="com.demo.nopcommerce.AutomationFramework.Tests.CheckoutPage7Test" name="validateRegistration" time="9.101"/>
  <system-out/>
  <testcase classname="com.demo.nopcommerce.AutomationFramework.Tests.CheckoutPage7Test" name="validateOrderSuccessfully" time="11.724"/>
  <system-out/>
  <testcase classname="com.demo.nopcommerce.AutomationFramework.Tests.CheckoutPage7Test" name="validateWishList" time="19.411"/>
  <system-out/>
  <testcase classname="com.demo.nopcommerce.AutomationFramework.Tests.CheckoutPage7Test" name="validateFeaturedProducts" time="4.726"/>
  <system-out/>
</testsuite> <!-- com.demo.nopcommerce.AutomationFramework.Tests.CheckoutPage7Test -->
